2024-11-04 17:15:59 [main] INFO  com.belhard.bookstore.connection.impl.ConnectionManagerImpl - Creating database connection
2024-11-04 17:16:00 [main] ERROR com.belhard.bookstore.connection.impl.ConnectionManagerImpl - Failed to create database connection
2024-11-04 17:16:18 [main] INFO  com.belhard.bookstore.connection.impl.ConnectionManagerImpl - Creating database connection
2024-11-04 17:16:19 [main] ERROR com.belhard.bookstore.connection.impl.ConnectionManagerImpl - Failed to create database connection
2024-11-04 17:21:17 [main] INFO  com.belhard.bookstore.connection.impl.ConnectionManagerImpl - Creating database connection
2024-11-04 17:21:17 [main] ERROR com.belhard.bookstore.connection.impl.ConnectionManagerImpl - Failed to create database connection
2024-11-04 17:21:39 [main] INFO  com.belhard.bookstore.connection.impl.ConnectionManagerImpl - Creating database connection
2024-11-04 19:14:40 [main] INFO  com.belhard.bookstore.connection.impl.ConnectionManagerImpl - Creating database connection
2024-11-04 19:14:53 [main] ERROR com.belhard.bookstore.dao.impl.UserDaoImpl - Error displaying user by email
2024-11-04 19:15:34 [main] INFO  com.belhard.bookstore.connection.impl.ConnectionManagerImpl - Creating database connection
2024-11-04 19:17:17 [main] INFO  com.belhard.bookstore.connection.impl.ConnectionManagerImpl - Creating database connection
2024-11-04 19:21:29 [main] INFO  com.belhard.bookstore.connection.impl.ConnectionManagerImpl - Creating database connection
2024-11-04 19:23:45 [main] INFO  com.belhard.bookstore.connection.impl.ConnectionManagerImpl - Creating database connection
2024-11-04 19:32:10 [main] INFO  com.belhard.bookstore.connection.impl.ConnectionManagerImpl - Creating database connection
2024-11-04 19:48:35 [main] INFO  com.belhard.bookstore.connection.impl.ConnectionManagerImpl - Creating database connection
2024-11-04 19:49:03 [main] ERROR com.belhard.bookstore.dao.impl.UserDaoImpl - Error displaying user list
2024-11-04 19:53:21 [main] INFO  com.belhard.bookstore.connection.impl.ConnectionManagerImpl - Creating database connection
2024-11-04 19:53:35 [main] ERROR com.belhard.bookstore.dao.impl.UserDaoImpl - Error displaying the number of users
2024-11-04 19:56:38 [main] INFO  com.belhard.bookstore.connection.impl.ConnectionManagerImpl - Creating database connection
2024-11-04 19:56:44 [main] ERROR com.belhard.bookstore.dao.impl.UserDaoImpl - Error displaying user list
2024-11-04 20:17:56 [main] INFO  com.belhard.bookstore.connection.impl.ConnectionManagerImpl - Creating database connection
2024-11-04 20:18:10 [main] INFO  com.belhard.bookstore.connection.impl.ConnectionManagerImpl - Creating database connection
2024-11-04 20:18:53 [main] INFO  com.belhard.bookstore.connection.impl.ConnectionManagerImpl - Creating database connection
2024-11-04 20:19:34 [main] INFO  com.belhard.bookstore.connection.impl.ConnectionManagerImpl - Creating database connection
2024-11-04 20:35:08 [main] INFO  com.belhard.bookstore.connection.impl.ConnectionManagerImpl - Creating database connection
2024-11-04 20:35:09 [main] ERROR com.belhard.bookstore.connection.impl.ConnectionManagerImpl - Failed to create database connection
2024-11-04 20:43:07 [main] INFO  com.belhard.bookstore.connection.impl.ConnectionManagerImpl - Creating database connection
2024-11-04 20:43:08 [main] ERROR com.belhard.bookstore.connection.impl.ConnectionManagerImpl - Failed to create database connection
2024-11-04 20:45:09 [main] INFO  com.belhard.bookstore.connection.impl.ConnectionManagerImpl - Creating database connection
2024-11-04 20:45:18 [main] INFO  com.belhard.bookstore.connection.impl.ConnectionManagerImpl - Creating database connection
2024-11-04 20:45:23 [main] INFO  com.belhard.bookstore.connection.impl.ConnectionManagerImpl - Creating database connection
2024-11-04 20:45:25 [main] INFO  com.belhard.bookstore.connection.impl.ConnectionManagerImpl - Creating database connection
2024-11-04 20:45:26 [main] ERROR com.belhard.bookstore.dao.impl.UserDaoImpl - Error getting gender id
2024-11-04 20:54:08 [main] INFO  com.belhard.bookstore.connection.impl.ConnectionManagerImpl - Creating database connection
2024-11-04 20:54:14 [main] INFO  com.belhard.bookstore.connection.impl.ConnectionManagerImpl - Creating database connection
2024-11-04 20:54:27 [main] INFO  com.belhard.bookstore.connection.impl.ConnectionManagerImpl - Creating database connection
2024-11-04 20:54:33 [main] INFO  com.belhard.bookstore.connection.impl.ConnectionManagerImpl - Creating database connection
2024-11-04 20:54:34 [main] INFO  com.belhard.bookstore.connection.impl.ConnectionManagerImpl - Creating database connection
2024-11-04 20:54:36 [main] INFO  com.belhard.bookstore.connection.impl.ConnectionManagerImpl - Creating database connection
2024-11-04 20:54:48 [main] INFO  com.belhard.bookstore.connection.impl.ConnectionManagerImpl - Creating database connection
2024-11-04 20:56:46 [main] INFO  com.belhard.bookstore.connection.impl.ConnectionManagerImpl - Creating database connection
2024-11-04 20:56:46 [main] ERROR com.belhard.bookstore.connection.impl.ConnectionManagerImpl - Failed to create database connection
2024-11-04 22:03:48 [main] INFO  com.belhard.bookstore.connection.impl.ConnectionManagerImpl - Creating database connection
2024-11-04 22:03:51 [main] ERROR com.belhard.bookstore.connection.impl.ConnectionManagerImpl - Failed to create database connection
2024-11-04 22:06:11 [main] INFO  com.belhard.bookstore.connection.impl.ConnectionManagerImpl - Creating database connection
2024-11-04 22:40:44 [main] INFO  com.belhard.bookstore.connection.impl.ConnectionManagerImpl - Creating database connection
2024-11-04 22:40:58 [main] INFO  com.belhard.bookstore.connection.impl.ConnectionManagerImpl - Creating database connection
2024-11-04 22:42:18 [main] INFO  com.belhard.bookstore.connection.impl.ConnectionManagerImpl - Creating database connection
2024-11-04 22:42:29 [main] INFO  com.belhard.bookstore.connection.impl.ConnectionManagerImpl - Creating database connection
